{"/home/michael/project/Hillel/aqa-advanced/jsBasics_API_axios/src/axiosInstance.js": {"path":"/home/michael/project/Hillel/aqa-advanced/jsBasics_API_axios/src/axiosInstance.js","statementMap":{"0":{"start":{"line":3,"column":22},"end":{"line":9,"column":2}},"1":{"start":{"line":11,"column":0},"end":{"line":24,"column":2}},"2":{"start":{"line":13,"column":2},"end":{"line":17,"column":5}},"3":{"start":{"line":18,"column":2},"end":{"line":18,"column":16}},"4":{"start":{"line":21,"column":2},"end":{"line":21,"column":42}},"5":{"start":{"line":22,"column":2},"end":{"line":22,"column":31}},"6":{"start":{"line":26,"column":0},"end":{"line":42,"column":2}},"7":{"start":{"line":28,"column":2},"end":{"line":31,"column":5}},"8":{"start":{"line":32,"column":2},"end":{"line":32,"column":18}},"9":{"start":{"line":35,"column":2},"end":{"line":39,"column":5}},"10":{"start":{"line":40,"column":2},"end":{"line":40,"column":31}}},"fnMap":{"0":{"name":"(anonymous_0)","decl":{"start":{"line":12,"column":1},"end":{"line":12,"column":2}},"loc":{"start":{"line":12,"column":13},"end":{"line":19,"column":2}},"line":12},"1":{"name":"(anonymous_1)","decl":{"start":{"line":20,"column":1},"end":{"line":20,"column":2}},"loc":{"start":{"line":20,"column":12},"end":{"line":23,"column":2}},"line":20},"2":{"name":"(anonymous_2)","decl":{"start":{"line":27,"column":1},"end":{"line":27,"column":2}},"loc":{"start":{"line":27,"column":15},"end":{"line":33,"column":2}},"line":27},"3":{"name":"(anonymous_3)","decl":{"start":{"line":34,"column":1},"end":{"line":34,"column":2}},"loc":{"start":{"line":34,"column":12},"end":{"line":41,"column":2}},"line":34}},"branchMap":{},"s":{"0":1,"1":1,"2":4,"3":4,"4":0,"5":0,"6":1,"7":4,"8":4,"9":0,"10":0},"f":{"0":4,"1":0,"2":4,"3":0},"b":{},"_coverageSchema":"1a1c01bbd47fc00a2c39e90264f33305004495a9","hash":"46bada1fd030e856290c2d981e7083bf66aca174"}
}
