TN:
SF:src\axiosInstance.js
FN:12,(anonymous_0)
FN:20,(anonymous_1)
FN:27,(anonymous_2)
FN:34,(anonymous_3)
FN:44,(anonymous_4)
FN:45,(anonymous_5)
FN:46,(anonymous_6)
FN:47,(anonymous_7)
FNF:8
FNH:6
FNDA:4,(anonymous_0)
FNDA:0,(anonymous_1)
FNDA:4,(anonymous_2)
FNDA:0,(anonymous_3)
FNDA:1,(anonymous_4)
FNDA:1,(anonymous_5)
FNDA:1,(anonymous_6)
FNDA:1,(anonymous_7)
DA:1,1
DA:3,1
DA:11,1
DA:13,4
DA:18,4
DA:21,0
DA:22,0
DA:26,1
DA:28,4
DA:32,4
DA:35,0
DA:40,0
DA:44,1
DA:45,1
DA:46,1
DA:47,1
DA:49,1
LF:17
LH:13
BRF:0
BRH:0
end_of_record
