<?xml version="1.0" encoding="UTF-8"?>
<coverage generated="1733847746611" clover="3.2.0">
  <project timestamp="1733847746611" name="All files">
    <metrics statements="17" coveredstatements="12" conditionals="2" coveredconditionals="2" methods="6" coveredmethods="4" elements="25" coveredelements="18" complexity="0" loc="17" ncloc="17" packages="1" files="1" classes="1"/>
    <file name="axiosInstance.js" path="/home/michael/project/Hillel/aqa-advanced/jsBasics_axios/src/axiosInstance.js">
      <metrics statements="17" coveredstatements="12" conditionals="2" coveredconditionals="2" methods="6" coveredmethods="4"/>
      <line num="3" count="1" type="stmt"/>
      <line num="8" count="1" type="stmt"/>
      <line num="9" count="3" type="stmt"/>
      <line num="10" count="3" type="stmt"/>
      <line num="13" count="1" type="stmt"/>
      <line num="14" count="2" type="stmt"/>
      <line num="15" count="0" type="stmt"/>
      <line num="19" count="1" type="stmt"/>
      <line num="21" count="3" type="cond" truecount="2" falsecount="0"/>
      <line num="22" count="3" type="stmt"/>
      <line num="25" count="0" type="stmt"/>
      <line num="26" count="0" type="stmt"/>
      <line num="30" count="1" type="stmt"/>
      <line num="32" count="3" type="stmt"/>
      <line num="33" count="3" type="stmt"/>
      <line num="36" count="0" type="stmt"/>
      <line num="37" count="0" type="stmt"/>
    </file>
  </project>
</coverage>
