{"D:\\Hillel_AQA_JS\\gitHub\\jsBasics_axios\\src\\axiosInstance.js": {"path":"D:\\Hillel_AQA_JS\\gitHub\\jsBasics_axios\\src\\axiosInstance.js","statementMap":{"0":{"start":{"line":1,"column":14},"end":{"line":1,"column":30}},"1":{"start":{"line":3,"column":22},"end":{"line":9,"column":2}},"2":{"start":{"line":11,"column":12},"end":{"line":11,"column":63}},"3":{"start":{"line":11,"column":29},"end":{"line":11,"column":63}},"4":{"start":{"line":12,"column":13},"end":{"line":12,"column":57}},"5":{"start":{"line":12,"column":28},"end":{"line":12,"column":57}},"6":{"start":{"line":13,"column":12},"end":{"line":13,"column":55}},"7":{"start":{"line":13,"column":27},"end":{"line":13,"column":55}},"8":{"start":{"line":14,"column":12},"end":{"line":14,"column":46}},"9":{"start":{"line":14,"column":21},"end":{"line":14,"column":46}},"10":{"start":{"line":16,"column":0},"end":{"line":16,"column":41}}},"fnMap":{"0":{"name":"(anonymous_0)","decl":{"start":{"line":11,"column":12},"end":{"line":11,"column":13}},"loc":{"start":{"line":11,"column":29},"end":{"line":11,"column":63}},"line":11},"1":{"name":"(anonymous_1)","decl":{"start":{"line":12,"column":13},"end":{"line":12,"column":14}},"loc":{"start":{"line":12,"column":28},"end":{"line":12,"column":57}},"line":12},"2":{"name":"(anonymous_2)","decl":{"start":{"line":13,"column":12},"end":{"line":13,"column":13}},"loc":{"start":{"line":13,"column":27},"end":{"line":13,"column":55}},"line":13},"3":{"name":"(anonymous_3)","decl":{"start":{"line":14,"column":12},"end":{"line":14,"column":13}},"loc":{"start":{"line":14,"column":21},"end":{"line":14,"column":46}},"line":14}},"branchMap":{},"s":{"0":1,"1":1,"2":1,"3":1,"4":1,"5":1,"6":1,"7":1,"8":1,"9":1,"10":1},"f":{"0":1,"1":1,"2":1,"3":1},"b":{},"_coverageSchema":"1a1c01bbd47fc00a2c39e90264f33305004495a9","hash":"5bcb3b5b2d0073e17998213b70dfd2c4883ae5ab"}
}
