{"D:\\Hillel_AQA_JS\\gitHub\\jsBasics_axios\\src\\axiosInstance.js": {"path":"D:\\Hillel_AQA_JS\\gitHub\\jsBasics_axios\\src\\axiosInstance.js","statementMap":{"0":{"start":{"line":1,"column":14},"end":{"line":1,"column":30}},"1":{"start":{"line":3,"column":22},"end":{"line":9,"column":2}},"2":{"start":{"line":11,"column":0},"end":{"line":24,"column":2}},"3":{"start":{"line":13,"column":2},"end":{"line":17,"column":5}},"4":{"start":{"line":18,"column":2},"end":{"line":18,"column":16}},"5":{"start":{"line":21,"column":2},"end":{"line":21,"column":42}},"6":{"start":{"line":22,"column":2},"end":{"line":22,"column":31}},"7":{"start":{"line":26,"column":0},"end":{"line":42,"column":2}},"8":{"start":{"line":28,"column":2},"end":{"line":31,"column":5}},"9":{"start":{"line":32,"column":2},"end":{"line":32,"column":18}},"10":{"start":{"line":35,"column":2},"end":{"line":39,"column":5}},"11":{"start":{"line":40,"column":2},"end":{"line":40,"column":31}},"12":{"start":{"line":44,"column":12},"end":{"line":44,"column":63}},"13":{"start":{"line":44,"column":29},"end":{"line":44,"column":63}},"14":{"start":{"line":45,"column":13},"end":{"line":45,"column":57}},"15":{"start":{"line":45,"column":28},"end":{"line":45,"column":57}},"16":{"start":{"line":46,"column":12},"end":{"line":46,"column":55}},"17":{"start":{"line":46,"column":27},"end":{"line":46,"column":55}},"18":{"start":{"line":47,"column":12},"end":{"line":47,"column":46}},"19":{"start":{"line":47,"column":21},"end":{"line":47,"column":46}},"20":{"start":{"line":49,"column":0},"end":{"line":49,"column":41}}},"fnMap":{"0":{"name":"(anonymous_0)","decl":{"start":{"line":12,"column":1},"end":{"line":12,"column":2}},"loc":{"start":{"line":12,"column":13},"end":{"line":19,"column":2}},"line":12},"1":{"name":"(anonymous_1)","decl":{"start":{"line":20,"column":1},"end":{"line":20,"column":2}},"loc":{"start":{"line":20,"column":12},"end":{"line":23,"column":2}},"line":20},"2":{"name":"(anonymous_2)","decl":{"start":{"line":27,"column":1},"end":{"line":27,"column":2}},"loc":{"start":{"line":27,"column":15},"end":{"line":33,"column":2}},"line":27},"3":{"name":"(anonymous_3)","decl":{"start":{"line":34,"column":1},"end":{"line":34,"column":2}},"loc":{"start":{"line":34,"column":12},"end":{"line":41,"column":2}},"line":34},"4":{"name":"(anonymous_4)","decl":{"start":{"line":44,"column":12},"end":{"line":44,"column":13}},"loc":{"start":{"line":44,"column":29},"end":{"line":44,"column":63}},"line":44},"5":{"name":"(anonymous_5)","decl":{"start":{"line":45,"column":13},"end":{"line":45,"column":14}},"loc":{"start":{"line":45,"column":28},"end":{"line":45,"column":57}},"line":45},"6":{"name":"(anonymous_6)","decl":{"start":{"line":46,"column":12},"end":{"line":46,"column":13}},"loc":{"start":{"line":46,"column":27},"end":{"line":46,"column":55}},"line":46},"7":{"name":"(anonymous_7)","decl":{"start":{"line":47,"column":12},"end":{"line":47,"column":13}},"loc":{"start":{"line":47,"column":21},"end":{"line":47,"column":46}},"line":47}},"branchMap":{},"s":{"0":1,"1":1,"2":1,"3":4,"4":4,"5":0,"6":0,"7":1,"8":4,"9":4,"10":0,"11":0,"12":1,"13":1,"14":1,"15":1,"16":1,"17":1,"18":1,"19":1,"20":1},"f":{"0":4,"1":0,"2":4,"3":0,"4":1,"5":1,"6":1,"7":1},"b":{},"_coverageSchema":"1a1c01bbd47fc00a2c39e90264f33305004495a9","hash":"d780178e4e02b9c2345704f72b21d875ce8b549a"}
}
